{"numFailedTestSuites":1,"numFailedTests":0,"numPassedTestSuites":0,"numPassedTests":0,"numPendingTestSuites":0,"numPendingTests":0,"numRuntimeErrorTestSuites":1,"numTodoTests":0,"numTotalTestSuites":1,"numTotalTests":0,"openHandles":[],"snapshot":{"added":0,"didUpdate":false,"failure":false,"filesAdded":0,"filesRemoved":0,"filesRemovedList":[],"filesUnmatched":0,"filesUpdated":0,"matched":0,"total":0,"unchecked":0,"uncheckedKeysByFile":[],"unmatched":0,"updated":0},"startTime":1774556628724,"success":false,"testResults":[{"assertionResults":[],"coverage":{},"endTime":1774556629978,"message":"  \u001b[1m● \u001b[22mTest suite failed to run\n\n    ReferenceError: require is not defined\n\n    \u001b[0m \u001b[90m  6 |\u001b[39m\n     \u001b[90m  7 |\u001b[39m \u001b[90m// Mockamos a Factory para não executar chamadas reais de API externa\u001b[39m\n    \u001b[31m\u001b[1m>\u001b[22m\u001b[39m\u001b[90m  8 |\u001b[39m jest\u001b[33m.\u001b[39mmock(\u001b[32m'../../src/services/PaymentFactory.js'\u001b[39m)\u001b[33m;\u001b[39m\n     \u001b[90m    |\u001b[39m                                                   \u001b[31m\u001b[1m^\u001b[22m\u001b[39m\n     \u001b[90m  9 |\u001b[39m\n     \u001b[90m 10 |\u001b[39m describe(\u001b[32m'PaymentController Integration Tests'\u001b[39m\u001b[33m,\u001b[39m () \u001b[33m=>\u001b[39m {\n     \u001b[90m 11 |\u001b[39m   \u001b[0m\n\n      \u001b[2mat require (\u001b[22m\u001b[0m\u001b[36mtests/integration/PaymentController.test.js\u001b[39m\u001b[0m\u001b[2m:8:51)\u001b[22m\n      \u001b[2mat _getJestObj (\u001b[22m\u001b[0m\u001b[36mtests/integration/PaymentController.test.js\u001b[39m\u001b[0m\u001b[2m:8:1)\u001b[22m\n","name":"C:\\calango-gateway\\tests\\integration\\PaymentController.test.js","startTime":1774556629978,"status":"failed","summary":""}],"wasInterrupted":false}
